<?xml version="1.0" encoding="UTF-8" ?>
<testsuite tests="11" failures="0" name="xyz.herther.Test.MybatisTest" time="0.872" errors="0" skipped="0">
  <properties>
[...]
</properties>
  <testcase classname="xyz.herther.Test.MybatisTest" name="TestSqlSessionFactory" time="0.613"/>
  <testcase classname="xyz.herther.Test.MybatisTest" name="TestDelete" time="0.076"/>
  <testcase classname="xyz.herther.Test.MybatisTest" name="TestInsert" time="0.026"/>
  <testcase classname="xyz.herther.Test.MybatisTest" name="TestUpdate" time="0.021"/>
  <testcase classname="xyz.herther.Test.MybatisTest" name="TestSelectAll" time="0.016"/>
  <testcase classname="xyz.herther.Test.MybatisTest" name="TestSelectDto" time="0.049"/>
  <testcase classname="xyz.herther.Test.MybatisTest" name="TestMybatisUtils" time="0.006"/>
  <testcase classname="xyz.herther.Test.MybatisTest" name="TestDynamiSelect" time="0.029"/>
  <testcase classname="xyz.herther.Test.MybatisTest" name="TestSelectById" time="0.005"/>
  <testcase classname="xyz.herther.Test.MybatisTest" name="TestselectClick" time="0.008"/>
  <testcase classname="xyz.herther.Test.MybatisTest" name="TestselectMap" time="0.023"/>
</testsuite>